
Showing logs for build [32mcb-kubecd-environment-pr-177-15-q6pkn-1[0m stage [32mfrom-build-pack[0m and container [32mstep-credential-initializer-4zxxf[0m
{"level":"warn","ts":1583823667.7085342,"logger":"fallback-logger","caller":"logging/config.go:69","msg":"Fetch GitHub commit ID from kodata failed: \"ref: refs/heads/0.8.0-**-support-backwards-incompats\" is not a valid GitHub commit ID"}
{"level":"info","ts":1583823667.7093718,"logger":"fallback-logger","caller":"creds-init/main.go:40","msg":"Credentials initialized."}

Showing logs for build [32mcb-kubecd-environment-pr-177-15-q6pkn-1[0m stage [32mfrom-build-pack[0m and container [32mstep-working-dir-initializer-mtn4s[0m
{"level":"warn","ts":1583823668.7691338,"logger":"fallback-logger","caller":"logging/config.go:69","msg":"Fetch GitHub commit ID from kodata failed: open /var/run/ko/HEAD: no such file or directory"}
{"level":"info","ts":1583823668.7707772,"logger":"fallback-logger","caller":"bash/main.go:64","msg":"Successfully executed command \"sh -c mkdir -p /workspace/source\"; output "}

Showing logs for build [32mcb-kubecd-environment-pr-177-15-q6pkn-1[0m stage [32mfrom-build-pack[0m and container [32mstep-place-tools[0m

Showing logs for build [32mcb-kubecd-environment-pr-177-15-q6pkn-1[0m stage [32mfrom-build-pack[0m and container [32mstep-git-source-cb-kubecd-environment-pr-177-15-q6pkn-d8h4z[0m
{"level":"warn","ts":1583823674.0876303,"logger":"fallback-logger","caller":"logging/config.go:69","msg":"Fetch GitHub commit ID from kodata failed: \"ref: refs/heads/0.8.0-**-support-backwards-incompats\" is not a valid GitHub commit ID"}
{"level":"info","ts":1583823675.1666837,"logger":"fallback-logger","caller":"git/git.go:103","msg":"Successfully cloned https://github.com/cb-kubecd/environment-pr-177-153-boot-gke-staging.git @ master in path /workspace/source"}

Showing logs for build [32mcb-kubecd-environment-pr-177-15-q6pkn-1[0m stage [32mfrom-build-pack[0m and container [32mstep-git-merge[0m
Using SHAs from PULL_REFS=master:62adfa619a98dbf142c4d302f4a5191f2c919acd,3:6e50340dba0767a6bec0482c743d48ce8dcd8d9a
DEBUG: LC_ALL=C JX_LOG_LEVEL=error git fetch origin --unshallow 6e50340dba0767a6bec0482c743d48ce8dcd8d9a: 62adfa619a98dbf142c4d302f4a5191f2c919acd:
DEBUG: ran git fetch --unshallow origin 6e50340dba0767a6bec0482c743d48ce8dcd8d9a: 62adfa619a98dbf142c4d302f4a5191f2c919acd: in 
DEBUG: LC_ALL=C JX_LOG_LEVEL=error git branch
DEBUG: LC_ALL=C JX_LOG_LEVEL=error git checkout master
DEBUG: ran git checkout master in 
DEBUG: JX_LOG_LEVEL=error LC_ALL=C git reset --hard 62adfa619a98dbf142c4d302f4a5191f2c919acd
DEBUG: ran git reset --hard 62adfa619a98dbf142c4d302f4a5191f2c919acd in 
DEBUG: LC_ALL=C JX_LOG_LEVEL=error git clean -fd .
DEBUG: ran clean --force -d . in 
DEBUG: JX_LOG_LEVEL=error LC_ALL=C git merge 6e50340dba0767a6bec0482c743d48ce8dcd8d9a
DEBUG: ran git merge 6e50340dba0767a6bec0482c743d48ce8dcd8d9a in 
DEBUG: LC_ALL=C JX_LOG_LEVEL=error git log --format=%H%x1f%an%x1f%ae%x1f%cn%x1f%ce%x1f%s%n%b%x1e 62adfa619a98dbf142c4d302f4a5191f2c919acd..HEAD
Merged SHA 6e50340dba0767a6bec0482c743d48ce8dcd8d9a with commit message 'chore: Promote bdd-gh-1583822580 to version 0.0.1' into base branch master

Showing logs for build [32mcb-kubecd-environment-pr-177-15-q6pkn-1[0m stage [32mfrom-build-pack[0m and container [32mstep-build-helm-build[0m
WARNING: No $CHART_REPOSITORY defined so using the default value of: http://jenkins-x-chartmuseum:8080
Adding missing Helm repo: storage.googleapis.com https://storage.googleapis.com/chartmuseum.jenkins-x.io
WARNING: No secrets found on "helm/repos" due: reading the secret "helm/repos" from vault: no secret "helm/repos" not found in vault
Read credentials for https://storage.googleapis.com/chartmuseum.jenkins-x.io from vault helm/repos
Successfully added Helm repository storage.googleapis.com.
Adding missing Helm repo: jenkins-x-chartmuseum http://jenkins-x-chartmuseum:8080
WARNING: No secrets found on "helm/repos" due: reading the secret "helm/repos" from vault: no secret "helm/repos" not found in vault
Read credentials for http://jenkins-x-chartmuseum:8080 from vault helm/repos
Successfully added Helm repository jenkins-x-chartmuseum.
WARNING: No $CHART_REPOSITORY defined so using the default value of: http://jenkins-x-chartmuseum:8080
Adding missing Helm repo: chartmuseum.jenkins-x.io http://chartmuseum.jenkins-x.io
WARNING: No secrets found on "helm/repos" due: reading the secret "helm/repos" from vault: no secret "helm/repos" not found in vault
Read credentials for http://chartmuseum.jenkins-x.io from vault helm/repos
Successfully added Helm repository chartmuseum.jenkins-x.io.
